### V3 L2 run evidence log (remote ECS docker, Linux native)
date: 2026-07-20T23:34:14+08:00
git: bd87c9dac263e69edf9b34b0040a8a9ec88011e7 (git archive snapshot)
host: Linux ecs-tb26072010 6.8.0-134-generic #134-Ubuntu SMP PREEMPT_DYNAMIC Fri Jun 26 18:43:11 UTC 2026 x86_64 x86_64 x86_64 GNU/Linux
docker version:
Client: Docker Engine - Community
 Version:           29.6.2
 API version:       1.55
 Go version:        go1.26.5
 Git commit:        dfc4efb
 Built:             Thu Jul 16 16:12:18 2026
 OS/Arch:           linux/amd64
 Context:           default

Server: Docker Engine - Community
 Engine:
  Version:          29.6.2
  API version:      1.55 (minimum version 1.40)
  Go version:       go1.26.5
  Git commit:       3d80467
  Built:            Thu Jul 16 16:12:18 2026
  OS/Arch:          linux/amd64
  Experimental:     false
 containerd:
  Version:          v2.2.6
  GitCommit:        11ce9d5f3c68c941867e82890e93e815c1304f1b
 runc:
  Version:          1.3.6
  GitCommit:        v1.3.6-0-g491b69ba
 docker-init:
  Version:          0.19.0
  GitCommit:        de40ad0

### STEP down -v (pre-pass reset): docker compose -f compose.yaml -f compose.test.yaml -f tmp-remote/compose.ecs.yaml down -v
start: 2026-07-20T23:34:14+08:00
 Container proseforge-worker-1 Stopping 
 Container proseforge-web-1 Stopping 
 Container proseforge-provider-mock-1 Stopping 
 Container proseforge-web-1 Stopped 
 Container proseforge-web-1 Removing 
 Container proseforge-web-1 Removed 
 Container proseforge-api-1 Stopping 
 Container proseforge-api-1 Stopped 
 Container proseforge-api-1 Removing 
 Container proseforge-api-1 Removed 
 Container proseforge-worker-1 Stopped 
 Container proseforge-worker-1 Removing 
 Container proseforge-worker-1 Removed 
 Container proseforge-redis-1 Stopping 
 Container proseforge-postgres-1 Stopping 
 Container proseforge-postgres-1 Stopped 
 Container proseforge-postgres-1 Removing 
 Container proseforge-postgres-1 Removed 
 Container proseforge-redis-1 Stopped 
 Container proseforge-redis-1 Removing 
 Container proseforge-redis-1 Removed 
 Container proseforge-provider-mock-1 Stopped 
 Container proseforge-provider-mock-1 Removing 
 Container proseforge-provider-mock-1 Removed 
 Volume proseforge_redis-test-data Removing 
 Volume proseforge_proseforge-backups Removing 
 Volume proseforge_postgres-test-data Removing 
 Volume proseforge_web-node-modules Removing 
 Volume proseforge_web-pnpm-store Removing 
 Volume proseforge_e2e-node-modules Removing 
 Volume proseforge_proseforge-blobs Removing 
 Network proseforge_default Removing 
 Volume proseforge_redis-test-data Removed 
 Volume proseforge_proseforge-blobs Removed 
 Network proseforge_default Removed 
 Volume proseforge_web-pnpm-store Removed 
 Volume proseforge_postgres-test-data Removed 
 Volume proseforge_e2e-node-modules Removed 
 Volume proseforge_web-node-modules Removed 
 Volume proseforge_proseforge-backups Removed 
EXIT(down -v (pre-pass reset))=0
end: 2026-07-20T23:34:25+08:00

### STEP up --build (final): docker compose -f compose.yaml -f compose.test.yaml -f tmp-remote/compose.ecs.yaml up -d --build --wait postgres redis provider-mock api worker web
start: 2026-07-20T23:34:25+08:00
 Image proseforge-api Building 
 Image proseforge-worker Building 
 Image proseforge-web Building 
#1 [internal] load local bake definitions
#1 reading from stdin 1.31kB done
#1 DONE 0.0s

#2 [web internal] load build definition from web.Dockerfile
#2 transferring dockerfile: 382B done
#2 DONE 0.0s

#3 [api internal] load build definition from api.Dockerfile
#3 transferring dockerfile: 919B done
#3 DONE 0.0s

#4 [worker internal] load build definition from worker.Dockerfile
#4 transferring dockerfile: 707B done
#4 DONE 0.0s

#5 [web internal] load metadata for docker.io/library/node:22-alpine
#5 DONE 0.1s

#6 [api internal] load metadata for docker.io/library/python:3.12-slim
#6 DONE 0.1s

#7 [web internal] load metadata for docker.io/library/nginx:1.27-alpine
#7 DONE 0.1s

#8 [worker internal] load .dockerignore
#8 transferring context: 223B done
#8 DONE 0.0s

#9 [web stage-1 1/3] FROM docker.io/library/nginx:1.27-alpine@sha256:65645c7bb6a0661892a8b03b89d0743208a18dd2f3f17a54ef4b76fb8e2f2a10
#9 resolve docker.io/library/nginx:1.27-alpine@sha256:65645c7bb6a0661892a8b03b89d0743208a18dd2f3f17a54ef4b76fb8e2f2a10 0.0s done
#9 DONE 0.0s

#10 [worker 1/9] FROM docker.io/library/python:3.12-slim@sha256:57cd7c3a7a273101a6485ba99423ee568157882804b1124b4dd04266317710de
#10 resolve docker.io/library/python:3.12-slim@sha256:57cd7c3a7a273101a6485ba99423ee568157882804b1124b4dd04266317710de 0.0s done
#10 DONE 0.0s

#11 [web build 1/6] FROM docker.io/library/node:22-alpine@sha256:16e22a550f3863206a3f701448c45f7912c6896a62de43add43bb9c86130c3e2
#11 resolve docker.io/library/node:22-alpine@sha256:16e22a550f3863206a3f701448c45f7912c6896a62de43add43bb9c86130c3e2 0.0s done
#11 DONE 0.0s

#12 [api internal] load build context
#12 transferring context: 3.76MB 0.1s done
#12 DONE 0.2s

#13 [web internal] load build context
#13 transferring context: 528.41kB 0.1s done
#13 DONE 0.1s

#14 [web build 2/6] WORKDIR /app/apps/web
#14 CACHED

#15 [web build 3/6] COPY apps/web/package.json apps/web/pnpm-lock.yaml ./
#15 CACHED

#16 [web build 4/6] RUN corepack enable && pnpm install --frozen-lockfile
#16 CACHED

#17 [worker 2/9] WORKDIR /app
#17 CACHED

#18 [worker 4/8] COPY src ./src
#18 CACHED

#19 [worker 5/8] COPY proseforge ./proseforge
#19 CACHED

#20 [worker 3/8] COPY pyproject.toml README.md ./
#20 CACHED

#21 [worker 6/8] RUN python -m pip install --no-cache-dir --upgrade pip     && python -m pip install --no-cache-dir -e ".[api,worker]"
#21 CACHED

#22 [api 6/9] COPY proseforge ./proseforge
#22 CACHED

#23 [api 3/9] RUN apt-get update     && apt-get install -y --no-install-recommends postgresql-client     && rm -rf /var/lib/apt/lists/*
#23 CACHED

#24 [api 4/9] COPY pyproject.toml README.md ./
#24 CACHED

#25 [api 5/9] COPY src ./src
#25 CACHED

#17 [api 2/9] WORKDIR /app
#17 CACHED

#26 [api 7/9] RUN python -m pip install --no-cache-dir --upgrade pip     && python -m pip install --no-cache-dir -e ".[api]"
#26 CACHED

#27 [web build 5/6] COPY apps/web/ ./
#27 DONE 0.2s

#28 [worker 7/8] COPY . .
#28 ...

#29 [web build 6/6] RUN pnpm build
#29 1.156 $ vite build
#29 1.814 vite v8.1.4 building client environment for production...
#29 1.838 [2Ktransforming...✓ 595 modules transformed.
#29 2.335 rendering chunks...
#29 2.625 computing gzip size...
#29 2.647 dist/index.html                                 0.78 kB │ gzip:   0.43 kB
#29 2.647 dist/assets/index-JRVGhePD.css                 49.78 kB │ gzip:   9.04 kB
#29 2.647 dist/assets/WorkflowStudioPage-CrE4qyoq.js      3.22 kB │ gzip:   1.29 kB
#29 2.647 dist/assets/index-Bnl3JDgJ.js               1,141.13 kB │ gzip: 358.24 kB
#29 2.647 
#29 2.649 [plugin builtin:vite-reporter] 
#29 2.649 (!) Some chunks are larger than 500 kB after minification. Consider:
#29 2.649 - Using dynamic import() to code-split the application
#29 2.649 - Use build.rolldownOptions.output.codeSplitting to improve chunking: https://rolldown.rs/reference/OutputOptions.codeSplitting
#29 2.649 - Adjust chunk size limit for this warning via build.chunkSizeWarningLimit.
#29 2.650 ✓ built in 832ms
#29 DONE 8.5s

#30 [api 8/9] COPY . .
#30 ...

#28 [worker 7/8] COPY . .
#28 DONE 9.2s

#30 [api 8/9] COPY . .
#30 DONE 9.2s

#31 [api 9/9] RUN addgroup --system --gid 10001 proseforge     && adduser --system --uid 10001 --ingroup proseforge proseforge     && mkdir -p /data/blobs /data/backups     && chown -R proseforge:proseforge /app /data
#31 0.461 useradd warning: proseforge's uid 10001 is greater than SYS_UID_MAX 999
#31 ...

#32 [web stage-1 2/3] COPY docker/nginx.conf /etc/nginx/conf.d/default.conf
#32 CACHED

#33 [web stage-1 3/3] COPY --from=build /app/apps/web/dist /usr/share/nginx/html
#33 CACHED

#34 [web] exporting to image
#34 exporting layers done
#34 exporting manifest sha256:f321123acd3240c5a9b771d7740a87f64937b223455970295dc1b106e0f93d71 done
#34 exporting config sha256:7f3874f1c8e578353341371288ac6619694b260b96ee9de548e869a8b8d8686a done
#34 exporting attestation manifest sha256:7818b6079e602b40c05b7ddd4d940a89ec8ed6ed1c62990da679b59961ba33f4 0.0s done
#34 exporting manifest list sha256:8d0aed1416c3f5cefa48c91344bb533481f0dadfcbfa427b39343c2001928656 0.0s done
#34 naming to docker.io/library/proseforge-web:latest
#34 naming to docker.io/library/proseforge-web:latest done
#34 unpacking to docker.io/library/proseforge-web:latest 0.0s done
#34 DONE 0.2s

#35 [worker 8/8] RUN addgroup --system --gid 10001 proseforge     && adduser --system --uid 10001 --ingroup proseforge proseforge     && mkdir -p /data/blobs /data/backups     && chown -R proseforge:proseforge /app /data
#35 0.447 useradd warning: proseforge's uid 10001 is greater than SYS_UID_MAX 999
#35 ...

#36 [web] resolving provenance for metadata file
#36 DONE 0.0s

#35 [worker 8/8] RUN addgroup --system --gid 10001 proseforge     && adduser --system --uid 10001 --ingroup proseforge proseforge     && mkdir -p /data/blobs /data/backups     && chown -R proseforge:proseforge /app /data
#35 DONE 10.7s

#31 [api 9/9] RUN addgroup --system --gid 10001 proseforge     && adduser --system --uid 10001 --ingroup proseforge proseforge     && mkdir -p /data/blobs /data/backups     && chown -R proseforge:proseforge /app /data
#31 DONE 10.7s

#37 [api] exporting to image
#37 exporting layers
#37 ...

#38 [worker] exporting to image
#38 exporting layers 24.4s done
#38 exporting manifest sha256:2f61e2b62cc4933dfffa403f03f44dae6ab3c5a9c33d3650bbfa946a69a47ad5 0.0s done
#38 exporting config sha256:a41780ffca0436a796525f2721175f9483c24a84ee98612974500c75ca45914d 0.0s done
#38 exporting attestation manifest sha256:58f0237fc7522af23f0935db6f5d79a204667d5f52a0c4ebeff9e4c61572a347 0.0s done
#38 exporting manifest list sha256:cb8b358264d2892b7ef331a27f6e9da8511a9c586df6aaf42ff3a4d6b1117b2c 0.0s done
#38 naming to docker.io/library/proseforge-worker:latest
#38 naming to docker.io/library/proseforge-worker:latest done
#38 unpacking to docker.io/library/proseforge-worker:latest
#38 ...

#37 [api] exporting to image
#37 exporting layers 26.5s done
#37 exporting manifest sha256:51efb7d6fe663a1cab0b907b5c1184a6ba00762d7f1a559a092d0e48c1412dfd 0.0s done
#37 exporting config sha256:69fb3650674ff71b7ccb6c448248286ab90d2069ef55c397dab959b68c03e6c5 0.0s done
#37 exporting attestation manifest sha256:a5fd78270b78b9d760841cf4f29a8c5dd1d24a40fef080c9ad842d144aeb8248 0.0s done
#37 exporting manifest list sha256:4ec120a619b034827c89b18791e19da137a2f26b5c54f4c7c5e8d12b4aa1a913
#37 exporting manifest list sha256:4ec120a619b034827c89b18791e19da137a2f26b5c54f4c7c5e8d12b4aa1a913 0.0s done
#37 naming to docker.io/library/proseforge-api:latest done
#37 unpacking to docker.io/library/proseforge-api:latest
#37 ...

#38 [worker] exporting to image
#38 unpacking to docker.io/library/proseforge-worker:latest 6.7s done
#38 DONE 31.6s

#37 [api] exporting to image
#37 unpacking to docker.io/library/proseforge-api:latest 6.8s done
#37 DONE 33.4s

#39 [worker] resolving provenance for metadata file
#39 DONE 0.0s

#40 [api] resolving provenance for metadata file
#40 DONE 0.0s
 Image proseforge-web Built 
 Image proseforge-worker Built 
 Image proseforge-api Built 
 Network proseforge_default Creating 
 Network proseforge_default Created 
 Volume proseforge_proseforge-blobs Creating 
 Volume proseforge_proseforge-blobs Created 
 Volume proseforge_proseforge-backups Creating 
 Volume proseforge_proseforge-backups Created 
 Volume proseforge_postgres-test-data Creating 
 Volume proseforge_postgres-test-data Created 
 Volume proseforge_redis-test-data Creating 
 Volume proseforge_redis-test-data Created 
 Container proseforge-postgres-1 Creating 
 Container proseforge-provider-mock-1 Creating 
 Container proseforge-redis-1 Creating 
 Container proseforge-provider-mock-1 Created 
 Container proseforge-redis-1 Created 
 Container proseforge-postgres-1 Created 
 Container proseforge-worker-1 Creating 
 Container proseforge-api-1 Creating 
 Container proseforge-api-1 Created 
 Container proseforge-web-1 Creating 
 Container proseforge-worker-1 Created 
 Container proseforge-web-1 Created 
 Container proseforge-provider-mock-1 Starting 
 Container proseforge-redis-1 Starting 
 Container proseforge-postgres-1 Starting 
 Container proseforge-provider-mock-1 Started 
 Container proseforge-postgres-1 Started 
 Container proseforge-redis-1 Started 
 Container proseforge-redis-1 Waiting 
 Container proseforge-postgres-1 Waiting 
 Container proseforge-postgres-1 Waiting 
 Container proseforge-redis-1 Waiting 
 Container proseforge-redis-1 Healthy 
 Container proseforge-postgres-1 Healthy 
 Container proseforge-redis-1 Healthy 
 Container proseforge-api-1 Starting 
 Container proseforge-postgres-1 Healthy 
 Container proseforge-worker-1 Starting 
 Container proseforge-worker-1 Started 
 Container proseforge-api-1 Started 
 Container proseforge-web-1 Starting 
 Container proseforge-web-1 Started 
 Container proseforge-redis-1 Waiting 
 Container proseforge-provider-mock-1 Waiting 
 Container proseforge-worker-1 Waiting 
 Container proseforge-web-1 Waiting 
 Container proseforge-api-1 Waiting 
 Container proseforge-postgres-1 Waiting 
 Container proseforge-postgres-1 Healthy 
 Container proseforge-redis-1 Healthy 
 Container proseforge-provider-mock-1 Healthy 
 Container proseforge-api-1 Healthy 
 Container proseforge-web-1 Healthy 
 Container proseforge-worker-1 Healthy 
EXIT(up --build (final))=0
end: 2026-07-20T23:35:54+08:00

### STEP digests (final)
proseforge-api                 latest          sha256:4ec120a619b034827c89b18791e19da137a2f26b5c54f4c7c5e8d12b4aa1a913   4ec120a619b0   About a minute ago   2.37GB
proseforge-worker              latest          sha256:cb8b358264d2892b7ef331a27f6e9da8511a9c586df6aaf42ff3a4d6b1117b2c   cb8b358264d2   About a minute ago   2.29GB
proseforge-api-test            latest          sha256:1f2ec28107b211d915a1ecc7c3213291afe212a162d60309b2939efb12c8fb1f   1f2ec28107b2   25 minutes ago       1.51GB
proseforge-web                 latest          sha256:8d0aed1416c3f5cefa48c91344bb533481f0dadfcbfa427b39343c2001928656   8d0aed1416c3   3 hours ago          75.2MB
mcr.microsoft.com/playwright   v1.61.1-noble   sha256:be22982d683fe55ef44f66e042a08be636fa5db61de7479b7a7ddbefb2da6407   be22982d683f   3 weeks ago          3.45GB

### STEP legacy-test (final pass): docker compose -f compose.yaml -f compose.test.yaml -f tmp-remote/compose.ecs.yaml run --rm legacy-test
start: 2026-07-20T23:35:54+08:00
 Container proseforge-legacy-test-run-13b96c88d67c Creating 
 Container proseforge-legacy-test-run-13b96c88d67c Created 
........................................................................ [ 17%]
........................................................................ [ 35%]
........................................................................ [ 52%]
........................................................................ [ 70%]
........................................................................ [ 88%]
................................................                         [100%]
408 passed in 57.86s
EXIT(legacy-test (final pass))=0
end: 2026-07-20T23:36:57+08:00

### STEP api-test (final pass): docker compose -f compose.yaml -f compose.test.yaml -f tmp-remote/compose.ecs.yaml run --rm api-test
start: 2026-07-20T23:36:57+08:00
 Container proseforge-postgres-1 Running 
 Container proseforge-redis-1 Running 
 Container proseforge-redis-1 Waiting 
 Container proseforge-postgres-1 Waiting 
 Container proseforge-redis-1 Healthy 
 Container proseforge-postgres-1 Healthy 
 Container proseforge-api-test-run-b20fc74f3ab8 Creating 
 Container proseforge-api-test-run-b20fc74f3ab8 Created 
........................................................................ [  7%]
........................................................................ [ 15%]
........................................................................ [ 22%]
........................................................................ [ 30%]
...............................................................ss....... [ 38%]
........................................................................ [ 45%]
........................................................................ [ 53%]
........................................................................ [ 61%]
........................................................................ [ 68%]
........................................................................ [ 76%]
........................................................................ [ 84%]
........................................................................ [ 91%]
........................................................................ [ 99%]
......                                                                   [100%]
=============================== warnings summary ===============================
../usr/local/lib/python3.12/site-packages/fastapi/testclient.py:1
  /usr/local/lib/python3.12/site-packages/fastapi/testclient.py:1: StarletteDeprecationWarning: Using `httpx` with `starlette.testclient` is deprecated; install `httpx2` instead.
    from starlette.testclient import TestClient as TestClient  # noqa

../usr/local/lib/python3.12/site-packages/passlib/utils/__init__.py:854
  /usr/local/lib/python3.12/site-packages/passlib/utils/__init__.py:854: DeprecationWarning: 'crypt' is deprecated and slated for removal in Python 3.13
    from crypt import crypt as _crypt

tests/api/test_agent_endpoints.py: 10 warnings
tests/api/test_agent_security.py: 5 warnings
tests/api/test_conversation_branches.py: 14 warnings
tests/api/test_export_manifests.py: 3 warnings
tests/api/test_model_capabilities.py: 11 warnings
tests/api/test_reviews_revisions.py: 5 warnings
tests/api/test_selection_actions.py: 5 warnings
tests/api/test_story_bible.py: 5 warnings
tests/api/test_workflow_definitions.py: 13 warnings
  /usr/local/lib/python3.12/site-packages/jwt/api_jwt.py:147: InsecureKeyLengthWarning: The HMAC key is 31 bytes long, which is below the minimum recommended length of 32 bytes for SHA256. See RFC 7518 Section 3.2.
    return self._jws.encode(

tests/api/test_agent_endpoints.py: 11 warnings
tests/api/test_agent_security.py: 5 warnings
tests/api/test_conversation_branches.py: 14 warnings
tests/api/test_export_manifests.py: 3 warnings
tests/api/test_model_capabilities.py: 11 warnings
tests/api/test_reviews_revisions.py: 5 warnings
tests/api/test_selection_actions.py: 5 warnings
tests/api/test_story_bible.py: 5 warnings
tests/api/test_workflow_definitions.py: 13 warnings
  /usr/local/lib/python3.12/site-packages/jwt/api_jwt.py:368: InsecureKeyLengthWarning: The HMAC key is 31 bytes long, which is below the minimum recommended length of 32 bytes for SHA256. See RFC 7518 Section 3.2.
    decoded = self.decode_complete(

tests/api/test_agent_security.py::test_run_creation_writes_signed_policy_snapshot
  /usr/local/lib/python3.12/site-packages/passlib/handlers/argon2.py:716: DeprecationWarning: Accessing argon2.__version__ is deprecated and will be removed in a future release. Use importlib.metadata directly to query for argon2-cffi's packaging metadata.
    _argon2_cffi.__version__, max_version)

-- Docs: https://docs.pytest.org/en/stable/how-to/capture-warnings.html
=========================== short test summary info ============================
SKIPPED [1] tests/test_rag_worldbuilding.py:5: could not import 'chromadb': No module named 'chromadb'
SKIPPED [2] tests/packaging/test_installers.py:207: PowerShell not available on this host
940 passed, 3 skipped, 146 warnings in 61.85s (0:01:01)
EXIT(api-test (final pass))=0
end: 2026-07-20T23:38:04+08:00

### STEP contract-test (final pass): docker compose -f compose.yaml -f compose.test.yaml -f tmp-remote/compose.ecs.yaml run --rm contract-test
start: 2026-07-20T23:38:04+08:00
 Container proseforge-redis-1 Running 
 Container proseforge-postgres-1 Running 
 Container proseforge-postgres-1 Waiting 
 Container proseforge-redis-1 Waiting 
 Container proseforge-postgres-1 Healthy 
 Container proseforge-redis-1 Healthy 
 Container proseforge-contract-test-run-bd440f7abb57 Creating 
 Container proseforge-contract-test-run-bd440f7abb57 Created 
...........................................                              [100%]
43 passed in 0.53s
EXIT(contract-test (final pass))=0
end: 2026-07-20T23:38:09+08:00

### STEP migration-test (final pass): docker compose -f compose.yaml -f compose.test.yaml -f tmp-remote/compose.ecs.yaml run --rm migration-test
start: 2026-07-20T23:38:09+08:00
 Container proseforge-redis-1 Running 
 Container proseforge-postgres-1 Running 
 Container proseforge-redis-1 Waiting 
 Container proseforge-postgres-1 Waiting 
 Container proseforge-postgres-1 Healthy 
 Container proseforge-redis-1 Healthy 
 Container proseforge-migration-test-run-ae87cd25be2f Creating 
 Container proseforge-migration-test-run-ae87cd25be2f Created 
........................                                                 [100%]
24 passed in 15.71s
EXIT(migration-test (final pass))=0
end: 2026-07-20T23:38:29+08:00

### STEP recovery-test (final pass): docker compose -f compose.yaml -f compose.test.yaml -f tmp-remote/compose.ecs.yaml run --rm recovery-test
start: 2026-07-20T23:38:29+08:00
 Container proseforge-redis-1 Running 
 Container proseforge-postgres-1 Running 
 Container proseforge-postgres-1 Waiting 
 Container proseforge-redis-1 Waiting 
 Container proseforge-redis-1 Healthy 
 Container proseforge-postgres-1 Healthy 
 Container proseforge-recovery-test-run-1f49064cab41 Creating 
 Container proseforge-recovery-test-run-1f49064cab41 Created 
created missing schema tables: agent_artifacts, agent_evaluations, agent_events, agent_graph_revisions, agent_memories, agent_policy_snapshots, agent_reviews, agent_runs, agent_tasks, artifacts, attachments, audit_logs, chapter_versions, chapters, context_items, context_snapshots, conversation_branches, conversation_events, conversations, embeddings, export_manifests, health_checks, message_chunks, message_edits, messages, model_calls, model_catalog, model_profiles, model_usage_records, outline_versions, outlines, projects, provider_credentials, quality_reports, review_reports, revision_proposals, story_bible_entries, users, workflow_definitions, workflow_events, workflow_node_states, workflow_runs, workflow_steps
.....                                                                    [100%]
5 passed in 0.07s
EXIT(recovery-test (final pass))=0
end: 2026-07-20T23:38:34+08:00

### STEP web-test (final pass): docker compose -f compose.yaml -f compose.test.yaml -f tmp-remote/compose.ecs.yaml run --rm web-test
start: 2026-07-20T23:38:34+08:00
 Volume proseforge_web-node-modules Creating 
 Volume proseforge_web-node-modules Created 
 Volume proseforge_web-pnpm-store Creating 
 Volume proseforge_web-pnpm-store Created 
 Container proseforge-web-test-run-6597d24e4b16 Creating 
 Container proseforge-web-test-run-6597d24e4b16 Created 
! Corepack is about to download https://registry.npmmirror.com/pnpm/-/pnpm-11.13.0.tgz
? Verifying lockfile against supply-chain policies (342 entries)...
Lockfile is up to date, resolution step is skipped
Progress: resolved 1, reused 0, downloaded 0, added 0
Packages: +291
++++++++++++++++++++++++++++++++++++++++++++++++++++++++++++++++++++++++++++++++
Progress: resolved 291, reused 0, downloaded 0, added 0
Progress: resolved 291, reused 0, downloaded 24, added 24
[WARN] Tarball download average speed 14 KiB/s (size 16 KiB) is below 50 KiB/s: https://registry.npmjs.org/@tanstack/history/-/history-1.162.0.tgz (GET)

   ╭───────────────────────────────────────────────╮
   │                                               │
   │     Update available! 11.13.0 → 11.15.1.      │
   │     Changelog: https://pnpm.io/v/11.15.1      │
   │   To update, run: corepack use pnpm@11.15.1   │
   │                                               │
   ╰───────────────────────────────────────────────╯

[WARN] Tarball download average speed 14 KiB/s (size 15 KiB) is below 50 KiB/s: https://registry.npmjs.org/@tiptap/extension-floating-menu/-/extension-floating-menu-3.28.0.tgz (GET)
Progress: resolved 291, reused 0, downloaded 57, added 57
[WARN] Tarball download average speed 4 KiB/s (size 4 KiB) is below 50 KiB/s: https://registry.npmjs.org/@tiptap/extension-strike/-/extension-strike-3.28.0.tgz (GET)
Progress: resolved 291, reused 0, downloaded 90, added 90
[WARN] Tarball download average speed 17 KiB/s (size 17 KiB) is below 50 KiB/s: https://registry.npmjs.org/d3-interpolate/-/d3-interpolate-3.0.1.tgz (GET)
Progress: resolved 291, reused 0, downloaded 118, added 118
[WARN] Tarball download average speed 5 KiB/s (size 7 KiB) is below 50 KiB/s: https://registry.npmjs.org/tinyglobby/-/tinyglobby-0.2.17.tgz (GET)
Progress: resolved 291, reused 0, downloaded 161, added 161
Progress: resolved 291, reused 0, downloaded 191, added 191
[WARN] Tarball download average speed 19 KiB/s (size 25 KiB) is below 50 KiB/s: https://registry.npmjs.org/property-information/-/property-information-7.2.0.tgz (GET)
Progress: resolved 291, reused 0, downloaded 217, added 217
[WARN] Tarball download average speed 39 KiB/s (size 60 KiB) is below 50 KiB/s: https://registry.npmjs.org/dom-accessibility-api/-/dom-accessibility-api-0.6.3.tgz (GET)
[WARN] Tarball download average speed 9 KiB/s (size 34 KiB) is below 50 KiB/s: https://registry.npmjs.org/micromark/-/micromark-4.0.2.tgz (GET)
Progress: resolved 291, reused 0, downloaded 235, added 235
[WARN] Tarball download average speed 35 KiB/s (size 42 KiB) is below 50 KiB/s: https://registry.npmjs.org/@adobe/css-tools/-/css-tools-4.5.0.tgz (GET)
[WARN] Tarball download average speed 23 KiB/s (size 36 KiB) is below 50 KiB/s: https://registry.npmjs.org/lz-string/-/lz-string-1.5.0.tgz (GET)
Progress: resolved 291, reused 0, downloaded 251, added 251
[WARN] Tarball download average speed 37 KiB/s (size 68 KiB) is below 50 KiB/s: https://registry.npmjs.org/decimal.js/-/decimal.js-10.6.0.tgz (GET)
Progress: resolved 291, reused 0, downloaded 266, added 266
[WARN] Tarball download average speed 17 KiB/s (size 43 KiB) is below 50 KiB/s: https://registry.npmjs.org/bidi-js/-/bidi-js-1.0.3.tgz (GET)
Progress: resolved 291, reused 0, downloaded 276, added 276
[WARN] Tarball download average speed 26 KiB/s (size 128 KiB) is below 50 KiB/s: https://registry.npmjs.org/@asamuzakjp/css-color/-/css-color-5.1.11.tgz (GET)
[WARN] Tarball download average speed 28 KiB/s (size 57 KiB) is below 50 KiB/s: https://registry.npmjs.org/es-module-lexer/-/es-module-lexer-2.3.1.tgz (GET)
Progress: resolved 291, reused 0, downloaded 278, added 278
[WARN] Tarball download average speed 30 KiB/s (size 31 KiB) is below 50 KiB/s: https://registry.npmjs.org/expect-type/-/expect-type-1.4.0.tgz (GET)
Progress: resolved 291, reused 0, downloaded 279, added 279
[WARN] Tarball download average speed 12 KiB/s (size 54 KiB) is below 50 KiB/s: https://registry.npmjs.org/parse5/-/parse5-8.0.1.tgz (GET)
Progress: resolved 291, reused 0, downloaded 280, added 280
[WARN] Tarball download average speed 16 KiB/s (size 100 KiB) is below 50 KiB/s: https://registry.npmjs.org/mdn-data/-/mdn-data-2.27.1.tgz (GET)
[WARN] Tarball download average speed 23 KiB/s (size 158 KiB) is below 50 KiB/s: https://registry.npmjs.org/@bramus/specificity/-/specificity-2.4.2.tgz (GET)
[WARN] Request took 12767ms: https://registry.npmjs.org/axe-core
Progress: resolved 291, reused 0, downloaded 283, added 283
Progress: resolved 291, reused 0, downloaded 284, added 284
[WARN] Tarball download average speed 45 KiB/s (size 423 KiB) is below 50 KiB/s: https://registry.npmjs.org/@testing-library/dom/-/dom-10.4.1.tgz (GET)
Progress: resolved 291, reused 0, downloaded 286, added 286
[WARN] Tarball download average speed 39 KiB/s (size 384 KiB) is below 50 KiB/s: https://registry.npmjs.org/undici/-/undici-7.28.0.tgz (GET)
Progress: resolved 291, reused 0, downloaded 287, added 286
Progress: resolved 291, reused 0, downloaded 288, added 288
[WARN] Request took 15923ms: https://registry.npmjs.org/react
[WARN] Request took 13944ms: https://registry.npmjs.org/use-sync-external-store
[WARN] Request took 16834ms: https://registry.npmjs.org/react-dom
[WARN] Request took 16317ms: https://registry.npmjs.org/tldts
[WARN] Request took 18196ms: https://registry.npmjs.org/scheduler
Progress: resolved 291, reused 0, downloaded 289, added 288
Progress: resolved 291, reused 0, downloaded 289, added 289
[WARN] Request took 22423ms: https://registry.npmjs.org/tldts-core
[WARN] Request took 27040ms: https://registry.npmjs.org/playwright
[WARN] Request took 26539ms: https://registry.npmjs.org/typescript
Progress: resolved 291, reused 0, downloaded 290, added 289
Progress: resolved 291, reused 0, downloaded 290, added 290
[WARN] Request took 15565ms: https://registry.npmjs.org/typescript
[WARN] Tarball download average speed 19 KiB/s (size 847 KiB) is below 50 KiB/s: https://registry.npmjs.org/playwright/-/playwright-1.61.1.tgz (GET)
Progress: resolved 291, reused 0, downloaded 291, added 290
Progress: resolved 291, reused 0, downloaded 291, added 291, done
[WARN] GET https://registry.npmjs.org/playwright-core error (23). Will retry in 10 seconds. 2 retries left.
[WARN] Request took 11961ms: https://registry.npmjs.org/playwright-core
✓ Lockfile passes supply-chain policies (342 entries in 1m 30.5s)

dependencies:
+ @tanstack/react-query 5.101.2
+ @tanstack/react-router 1.170.18
+ @tiptap/core 3.28.0
+ @tiptap/react 3.28.0
+ @tiptap/starter-kit 3.28.0
+ @vitejs/plugin-react 6.0.3
+ @xyflow/react 12.11.2
+ dompurify 3.4.12
+ i18next 25.10.10
+ react 19.2.7
+ react-dom 19.2.7
+ react-i18next 16.6.6
+ react-markdown 10.1.0
+ typescript 7.0.2
+ vite 8.1.4
+ zustand 5.0.14

devDependencies:
+ @axe-core/playwright 4.12.1
+ @playwright/test 1.61.1
+ @testing-library/jest-dom 6.9.1
+ @testing-library/react 16.3.2
+ @types/dompurify 3.2.0
+ @types/node 26.1.1
+ @types/react 19.2.17
+ @types/react-dom 19.2.3
+ jsdom 29.1.1
+ vitest 4.1.10

Done in 1m 31.5s using pnpm v11.13.0
$ tsc --noEmit
$ vitest run

[1m[30m[46m RUN [49m[39m[22m [36mv4.1.10 [39m[90m/app/apps/web[39m

 [32m✓[39m src/features/models/ModelPicker.test.tsx [2m([22m[2m12 tests[22m[2m)[22m[33m 539[2mms[22m[39m
 [32m✓[39m src/features/agents/AgentRunPage.test.tsx [2m([22m[2m6 tests[22m[2m)[22m[33m 727[2mms[22m[39m
 [32m✓[39m src/features/chat/ChatPage.test.tsx [2m([22m[2m15 tests[22m[2m)[22m[33m 921[2mms[22m[39m
 [32m✓[39m src/features/chat/chatQueries.test.tsx [2m([22m[2m6 tests[22m[2m)[22m[33m 431[2mms[22m[39m
 [32m✓[39m src/features/workflows/WorkflowStudioPage.test.tsx [2m([22m[2m7 tests[22m[2m)[22m[32m 249[2mms[22m[39m
 [32m✓[39m src/features/editor/editorState.test.ts [2m([22m[2m6 tests[22m[2m)[22m[32m 143[2mms[22m[39m
 [32m✓[39m src/features/branches/BranchCompareView.test.tsx [2m([22m[2m3 tests[22m[2m)[22m[32m 80[2mms[22m[39m
 [32m✓[39m src/features/chat/MessageActions.test.tsx [2m([22m[2m6 tests[22m[2m)[22m[33m 397[2mms[22m[39m
 [32m✓[39m src/features/branches/BranchTreeView.test.tsx [2m([22m[2m5 tests[22m[2m)[22m[33m 379[2mms[22m[39m
 [32m✓[39m src/features/review/ReviewFilters.test.tsx [2m([22m[2m2 tests[22m[2m)[22m[33m 373[2mms[22m[39m
     [33m[2m✓[22m[39m filters by severity and jumps to supplied evidence [33m 315[2mms[22m[39m
[90mstdout[2m | src/features/export/ExportDialog.test.tsx[2m > [22m[2mExportDialog[2m > [22m[2msubmits format, range, immutable version and preset
[22m[39m🌐 i18next is made possible by our own product, Locize — consider powering your project with managed localization (AI, CDN, integrations): https://locize.com 💙

 [32m✓[39m src/features/export/ExportDialog.test.tsx [2m([22m[2m3 tests[22m[2m)[22m[33m 468[2mms[22m[39m
     [33m[2m✓[22m[39m submits format, range, immutable version and preset [33m 398[2mms[22m[39m
 [32m✓[39m src/app/router.test.ts [2m([22m[2m5 tests[22m[2m)[22m[32m 36[2mms[22m[39m
 [32m✓[39m src/styles/tokens.test.ts [2m([22m[2m2 tests[22m[2m)[22m[32m 15[2mms[22m[39m
 [32m✓[39m src/features/revision/ProposalActions.test.tsx [2m([22m[2m2 tests[22m[2m)[22m[32m 285[2mms[22m[39m
 [32m✓[39m src/features/editor/ManuscriptEditor.test.tsx [2m([22m[2m2 tests[22m[2m)[22m[33m 414[2mms[22m[39m
     [33m[2m✓[22m[39m uses the plain-text adapter when requested and returns an action without mutating the document [33m 329[2mms[22m[39m
 [32m✓[39m src/features/editor/ChapterTree.test.tsx [2m([22m[2m1 test[22m[2m)[22m[32m 76[2mms[22m[39m
 [32m✓[39m src/features/editor/documentState.test.ts [2m([22m[2m3 tests[22m[2m)[22m[32m 6[2mms[22m[39m
 [32m✓[39m src/lib/api/client.test.ts [2m([22m[2m3 tests[22m[2m)[22m[32m 24[2mms[22m[39m
 [32m✓[39m src/lib/i18n.test.ts [2m([22m[2m2 tests[22m[2m)[22m[32m 54[2mms[22m[39m
 [32m✓[39m src/features/VersionHistory.test.tsx [2m([22m[2m1 test[22m[2m)[22m[33m 324[2mms[22m[39m
     [33m[2m✓[22m[39m shows versions and exposes restore and diff actions [33m 322[2mms[22m[39m
 [32m✓[39m src/features/story-bible/FactEditor.test.tsx [2m([22m[2m1 test[22m[2m)[22m[33m 317[2mms[22m[39m
     [33m[2m✓[22m[39m saves character voice, triggers, and a budget as structured values [33m 315[2mms[22m[39m
 [32m✓[39m src/app/runtime.test.ts [2m([22m[2m2 tests[22m[2m)[22m[32m 14[2mms[22m[39m
 [32m✓[39m src/app.test.tsx [2m([22m[2m3 tests[22m[2m)[22m[32m 17[2mms[22m[39m
 [32m✓[39m src/features/context/ContextInspector.test.tsx [2m([22m[2m1 test[22m[2m)[22m[32m 105[2mms[22m[39m
 [32m✓[39m src/features/usage/TokenMeter.test.tsx [2m([22m[2m2 tests[22m[2m)[22m[32m 247[2mms[22m[39m
 [32m✓[39m src/lib/pwa/sw.test.ts [2m([22m[2m2 tests[22m[2m)[22m[32m 8[2mms[22m[39m
 [32m✓[39m src/features/revision/ProposalDiff.test.tsx [2m([22m[2m1 test[22m[2m)[22m[32m 269[2mms[22m[39m
 [32m✓[39m src/features/editor/ChapterEditor.test.tsx [2m([22m[2m1 test[22m[2m)[22m[32m 67[2mms[22m[39m
 [32m✓[39m src/features/providers/ProviderSettings.test.tsx [2m([22m[2m1 test[22m[2m)[22m[32m 89[2mms[22m[39m
 [32m✓[39m src/features/usage/ContextBudgetBar.test.tsx [2m([22m[2m1 test[22m[2m)[22m[33m 310[2mms[22m[39m
     [33m[2m✓[22m[39m labels the context estimate independently from historical usage [33m 307[2mms[22m[39m
 [32m✓[39m src/features/workflows/WorkflowStatus.test.tsx [2m([22m[2m1 test[22m[2m)[22m[32m 255[2mms[22m[39m
 [32m✓[39m src/main.structure.test.ts [2m([22m[2m1 test[22m[2m)[22m[32m 7[2mms[22m[39m
 [32m✓[39m src/lib/drafts.test.ts [2m([22m[2m1 test[22m[2m)[22m[32m 7[2mms[22m[39m

[2m Test Files [22m [1m[32m33 passed[39m[22m[90m (33)[39m
[2m      Tests [22m [1m[32m110 passed[39m[22m[90m (110)[39m
[2m   Start at [22m 15:40:11
[2m   Duration [22m 22.65s[2m (transform 1.33s, setup 7.20s, import 3.22s, tests 7.65s, environment 39.48s)[22m

$ vite build
vite v8.1.4 building client environment for production...
[2Ktransforming...✓ 595 modules transformed.
rendering chunks...
computing gzip size...
dist/index.html                                 0.78 kB │ gzip:   0.43 kB
dist/assets/index-JRVGhePD.css                 49.78 kB │ gzip:   9.04 kB
dist/assets/WorkflowStudioPage-CrE4qyoq.js      3.22 kB │ gzip:   1.29 kB
dist/assets/index-Bnl3JDgJ.js               1,141.13 kB │ gzip: 358.24 kB

✓ built in 603ms
[plugin builtin:vite-reporter] 
(!) Some chunks are larger than 500 kB after minification. Consider:
- Using dynamic import() to code-split the application
- Use build.rolldownOptions.output.codeSplitting to improve chunking: https://rolldown.rs/reference/OutputOptions.codeSplitting
- Adjust chunk size limit for this warning via build.chunkSizeWarningLimit.
EXIT(web-test (final pass))=0
end: 2026-07-20T23:40:36+08:00

### STEP e2e (final pass): docker compose -f compose.yaml -f compose.test.yaml -f tmp-remote/compose.ecs.yaml run --rm e2e
start: 2026-07-20T23:40:36+08:00
 Volume proseforge_e2e-node-modules Creating 
 Volume proseforge_e2e-node-modules Created 
 Container proseforge-provider-mock-1 Running 
 Container proseforge-postgres-1 Running 
 Container proseforge-redis-1 Running 
 Container proseforge-worker-1 Running 
 Container proseforge-web-1 Running 
 Container proseforge-api-1 Running 
 Container proseforge-redis-1 Waiting 
 Container proseforge-postgres-1 Waiting 
 Container proseforge-redis-1 Waiting 
 Container proseforge-postgres-1 Waiting 
 Container proseforge-redis-1 Healthy 
 Container proseforge-postgres-1 Healthy 
 Container proseforge-postgres-1 Healthy 
 Container proseforge-redis-1 Healthy 
 Container proseforge-provider-mock-1 Waiting 
 Container proseforge-web-1 Waiting 
 Container proseforge-api-1 Waiting 
 Container proseforge-worker-1 Waiting 
 Container proseforge-worker-1 Healthy 
 Container proseforge-api-1 Healthy 
 Container proseforge-provider-mock-1 Healthy 
 Container proseforge-web-1 Healthy 
 Container proseforge-e2e-run-ea4e88b1f0d3 Creating 
 Container proseforge-e2e-run-ea4e88b1f0d3 Created 
! Corepack is about to download https://registry.npmmirror.com/pnpm/-/pnpm-11.13.0.tgz
? Verifying lockfile against supply-chain policies (342 entries)...
Lockfile is up to date, resolution step is skipped
Progress: resolved 1, reused 0, downloaded 0, added 0
Packages: +291
++++++++++++++++++++++++++++++++++++++++++++++++++++++++++++++++++++++++++++++++
Progress: resolved 291, reused 289, downloaded 0, added 104
Progress: resolved 291, reused 289, downloaded 0, added 286
Progress: resolved 291, reused 289, downloaded 0, added 289

   ╭───────────────────────────────────────────────╮
   │                                               │
   │     Update available! 11.13.0 → 11.15.1.      │
   │     Changelog: https://pnpm.io/v/11.15.1      │
   │   To update, run: corepack use pnpm@11.15.1   │
   │                                               │
   ╰───────────────────────────────────────────────╯

Progress: resolved 291, reused 289, downloaded 1, added 289
Progress: resolved 291, reused 289, downloaded 1, added 290
Progress: resolved 291, reused 289, downloaded 2, added 290
Progress: resolved 291, reused 289, downloaded 2, added 291, done
[WARN] Request took 13836ms: https://registry.npmjs.org/playwright-core
[WARN] Request took 14198ms: https://registry.npmjs.org/playwright
✓ Lockfile passes supply-chain policies (342 entries in 19.2s)

dependencies:
+ @tanstack/react-query 5.101.2
+ @tanstack/react-router 1.170.18
+ @tiptap/core 3.28.0
+ @tiptap/react 3.28.0
+ @tiptap/starter-kit 3.28.0
+ @vitejs/plugin-react 6.0.3
+ @xyflow/react 12.11.2
+ dompurify 3.4.12
+ i18next 25.10.10
+ react 19.2.7
+ react-dom 19.2.7
+ react-i18next 16.6.6
+ react-markdown 10.1.0
+ typescript 7.0.2
+ vite 8.1.4
+ zustand 5.0.14

devDependencies:
+ @axe-core/playwright 4.12.1
+ @playwright/test 1.61.1
+ @testing-library/jest-dom 6.9.1
+ @testing-library/react 16.3.2
+ @types/dompurify 3.2.0
+ @types/node 26.1.1
+ @types/react 19.2.17
+ @types/react-dom 19.2.3
+ jsdom 29.1.1
+ vitest 4.1.10

Done in 20s using pnpm v11.13.0
$ playwright test

Running 14 tests using 2 workers

[1/14] [chromium] › e2e/editor-draft-and-export.spec.ts:3:1 › export endpoint is protected until a session is established
[2/14] [chromium] › e2e/localization.spec.ts:3:1 › localization shell is served
[3/14] [chromium] › e2e/ordinary-user-smoke.spec.ts:3:1 › ordinary user can use the Docker-backed writing workspace
[4/14] [chromium] › e2e/responsive-assistant.spec.ts:3:1 › responsive app shell serves a healthy page
[5/14] [chromium] › e2e/token-usage.spec.ts:3:1 › token usage API is protected until a session is established
[6/14] [chromium] › e2e/v3-concurrency-fault.spec.ts:3:1 › v3 concurrent controls retain a unique audit cursor
[7/14] [chromium] › e2e/v3-fault-injection.spec.ts:3:1 › v3 deterministic fault modes terminate durably and redact no raw prompt
[8/14] [chromium] › e2e/v3-fault-injection.spec.ts:24:1 › v3 worker crash after artifact commit is replay-safe
[9/14] [chromium] › e2e/visual-a11y.spec.ts:10:1 › ink workspace pages have no critical or serious axe violations
[10/14] [chromium] › e2e/visual-a11y.spec.ts:39:1 › rubbing theme persists and applies its token set
[11/14] [chromium] › e2e/workflow-control.spec.ts:3:1 › workflow controls are protected until a session is established
[12/14] [chromium] › e2e/v2-professional-flow.spec.ts:80:1 › v2 professional flow completes the real ten-step workspace journey
[13/14] [chromium] › e2e/v3-agent-swarm.spec.ts:23:1 › v3 agent swarm is idempotent, replayable, reviewable, and visible in the workspace
[14/14] [chromium] › e2e/v3-execution-proposal.spec.ts:23:1 › v3 execution resumes from pause and produces only a V2 proposal
  14 passed (28.0s)
EXIT(e2e (final pass))=0
end: 2026-07-20T23:41:29+08:00

### STEP eval-ab (final pass): docker compose -f compose.yaml -f compose.test.yaml -f tmp-remote/compose.ecs.yaml run --rm api-test python scripts/eval_ab_seed.py
start: 2026-07-20T23:41:29+08:00
 Container proseforge-postgres-1 Running 
 Container proseforge-redis-1 Running 
 Container proseforge-redis-1 Waiting 
 Container proseforge-postgres-1 Waiting 
 Container proseforge-postgres-1 Healthy 
 Container proseforge-redis-1 Healthy 
 Container proseforge-api-test-run-406121352118 Creating 
 Container proseforge-api-test-run-406121352118 Created 
run A 18c409c4a1b608ce00000000 -> COMPLETED (budget_used=12)
run B 18c409c4df71c83000000000 -> COMPLETED (budget_used=24)
{
  "artifact_hashes": {
    "run_a": [
      "7f260793b29bc28220c7e9d4b6355a89e321a8b29a87deac4857759d38701bb0"
    ],
    "run_b": [
      "7f260793b29bc28220c7e9d4b6355a89e321a8b29a87deac4857759d38701bb0",
      "477f20f5315d6e52e6e9ed64e771ca824c74eb8bea90f3bfa0ed1b9cb567858a"
    ]
  },
  "comparison_id": "cmp-e74aabc413d7eb1f7d5d36f7",
  "dimensions_a": {
    "character": 5,
    "continuity": 5,
    "cost_latency": 3,
    "pacing": 1,
    "plot_causality": 5,
    "style_adherence": 5,
    "useful_review": 1
  },
  "dimensions_b": {
    "character": 5,
    "continuity": 5,
    "cost_latency": 3,
    "pacing": 1,
    "plot_causality": 5,
    "style_adherence": 5,
    "useful_review": 5
  },
  "fixture_hash": "ce3a3bde88d9b24974db18ce720fde5c62910f8ed7f48e2290048498f8e44bc4",
  "kind": "ab_comparison",
  "overall_a": 4,
  "overall_b": 4,
  "rubric_version": "v3-rubric-1",
  "run_a": "18c409c4a1b608ce00000000",
  "run_b": "18c409c4df71c83000000000",
  "verdict": {
    "checks": {
      "core_mean_not_lower": true,
      "cost_increase_within_40_percent": false,
      "latency_increase_within_60_percent": true,
      "no_dimension_lower_by_over_half_point": true
    },
    "core_mean_a": 5.0,
    "core_mean_b": 5.0,
    "cost_ratio": 2.0,
    "latency_ratio": 1.4186,
    "v3_better_than_baseline": false
  }
}

EXIT(eval-ab (final pass))=0
end: 2026-07-20T23:41:35+08:00

### STEP ruff (final): docker compose -f compose.yaml -f compose.test.yaml -f tmp-remote/compose.ecs.yaml run --rm api-test ruff check proseforge tests
start: 2026-07-20T23:41:35+08:00
 Container proseforge-postgres-1 Running 
 Container proseforge-redis-1 Running 
 Container proseforge-postgres-1 Waiting 
 Container proseforge-redis-1 Waiting 
 Container proseforge-redis-1 Healthy 
 Container proseforge-postgres-1 Healthy 
 Container proseforge-api-test-run-5f063213a60f Creating 
 Container proseforge-api-test-run-5f063213a60f Created 
All checks passed!
EXIT(ruff (final))=0
end: 2026-07-20T23:41:39+08:00

### STEP dump_openapi (final): docker compose -f compose.yaml -f compose.test.yaml -f tmp-remote/compose.ecs.yaml run --rm api-test python scripts/dump_openapi.py --output /app/artifacts/v3-openapi.json
start: 2026-07-20T23:41:39+08:00
 Container proseforge-redis-1 Running 
 Container proseforge-postgres-1 Running 
 Container proseforge-postgres-1 Waiting 
 Container proseforge-redis-1 Waiting 
 Container proseforge-postgres-1 Healthy 
 Container proseforge-redis-1 Healthy 
 Container proseforge-api-test-run-03043a79987e Creating 
 Container proseforge-api-test-run-03043a79987e Created 
wrote /app/artifacts/v3-openapi.json (117 paths)
EXIT(dump_openapi (final))=0
end: 2026-07-20T23:41:44+08:00

### STEP down -v (final, evidence teardown): docker compose -f compose.yaml -f compose.test.yaml -f tmp-remote/compose.ecs.yaml down -v
start: 2026-07-20T23:41:44+08:00
 Container proseforge-worker-1 Stopping 
 Container proseforge-web-1 Stopping 
 Container proseforge-provider-mock-1 Stopping 
 Container proseforge-web-1 Stopped 
 Container proseforge-web-1 Removing 
 Container proseforge-web-1 Removed 
 Container proseforge-api-1 Stopping 
 Container proseforge-api-1 Stopped 
 Container proseforge-api-1 Removing 
 Container proseforge-api-1 Removed 
 Container proseforge-provider-mock-1 Stopped 
 Container proseforge-provider-mock-1 Removing 
 Container proseforge-worker-1 Stopped 
 Container proseforge-worker-1 Removing 
 Container proseforge-provider-mock-1 Removed 
 Container proseforge-worker-1 Removed 
 Container proseforge-redis-1 Stopping 
 Container proseforge-postgres-1 Stopping 
 Container proseforge-redis-1 Stopped 
 Container proseforge-redis-1 Removing 
 Container proseforge-redis-1 Removed 
 Container proseforge-postgres-1 Stopped 
 Container proseforge-postgres-1 Removing 
 Container proseforge-postgres-1 Removed 
 Volume proseforge_proseforge-backups Removing 
 Volume proseforge_web-node-modules Removing 
 Network proseforge_default Removing 
 Volume proseforge_web-pnpm-store Removing 
 Volume proseforge_redis-test-data Removing 
 Volume proseforge_e2e-node-modules Removing 
 Volume proseforge_postgres-test-data Removing 
 Volume proseforge_proseforge-blobs Removing 
 Volume proseforge_redis-test-data Removed 
 Volume proseforge_proseforge-blobs Removed 
 Network proseforge_default Removed 
 Volume proseforge_web-pnpm-store Removed 
 Volume proseforge_web-node-modules Removed 
 Volume proseforge_postgres-test-data Removed 
 Volume proseforge_e2e-node-modules Removed 
 Volume proseforge_proseforge-backups Removed 
EXIT(down -v (final, evidence teardown))=0
end: 2026-07-20T23:41:56+08:00
